2024-03-07 16:35:37,212 - MainLogger - INFO - Initializing
2024-03-07 16:35:37,212 - MainLogger - WARNING - Initializing Warnings
2024-03-07 16:35:37,213 - MainLogger - INFO - loaded object Loader
2024-03-07 16:35:37,213 - MainLogger - INFO - Activated logging for loading manager
2024-03-07 16:35:37,213 - MainLogger - INFO - loaded object Loader
2024-03-07 16:35:40,432 - MainLogger - INFO - Initialized reward Successfully
2024-03-07 16:35:40,433 - MainLogger - INFO - loaded object Reward
2024-03-07 16:35:40,433 - MainLogger - INFO - Loaded Object Handler Successfully
2024-03-07 16:35:40,434 - MainLogger - INFO - loaded object Handler
2024-03-07 16:35:40,929 - MainLogger - INFO - Found model, loading
2024-03-07 16:35:40,930 - MainLogger - INFO - 
2024-03-07 16:35:40,935 - MainLogger - INFO - Model: "model"
2024-03-07 16:35:40,938 - MainLogger - INFO - __________________________________________________________________________________________________
2024-03-07 16:35:40,938 - MainLogger - INFO -  Layer (type)                Output Shape                 Param #   Connected to                  
2024-03-07 16:35:40,939 - MainLogger - INFO - ==================================================================================================
2024-03-07 16:35:40,943 - MainLogger - INFO -  input_1 (InputLayer)        [(None, None, 20)]           0         []                            
2024-03-07 16:35:40,944 - MainLogger - INFO -                                                                                                   
2024-03-07 16:35:40,948 - MainLogger - INFO -  input_2 (InputLayer)        [(None, None, 500)]          0         []                            
2024-03-07 16:35:40,949 - MainLogger - INFO -                                                                                                   
2024-03-07 16:35:40,950 - MainLogger - INFO -  masking (Masking)           (None, None, 20)             0         ['input_1[0][0]']             
2024-03-07 16:35:40,952 - MainLogger - INFO -                                                                                                   
2024-03-07 16:35:40,953 - MainLogger - INFO -  masking_1 (Masking)         (None, None, 500)            0         ['input_2[0][0]']             
2024-03-07 16:35:40,953 - MainLogger - INFO -                                                                                                   
2024-03-07 16:35:40,954 - MainLogger - INFO -  reshape (Reshape)           (None, 1, 20)                0         ['masking[0][0]']             
2024-03-07 16:35:40,954 - MainLogger - INFO -                                                                                                   
2024-03-07 16:35:40,954 - MainLogger - INFO -  reshape_1 (Reshape)         (None, 1, 500)               0         ['masking_1[0][0]']           
2024-03-07 16:35:40,955 - MainLogger - INFO -                                                                                                   
2024-03-07 16:35:40,955 - MainLogger - INFO -  lstm (LSTM)                 (None, 1, 20)                3280      ['reshape[0][0]']             
2024-03-07 16:35:40,956 - MainLogger - INFO -                                                                                                   
2024-03-07 16:35:40,956 - MainLogger - INFO -  lstm_1 (LSTM)               (None, 1, 20)                41680     ['reshape_1[0][0]']           
2024-03-07 16:35:40,957 - MainLogger - INFO -                                                                                                   
2024-03-07 16:35:40,957 - MainLogger - INFO -  add (Add)                   (None, 1, 20)                0         ['lstm[0][0]',                
2024-03-07 16:35:40,958 - MainLogger - INFO -                                                                      'lstm_1[0][0]']              
2024-03-07 16:35:40,958 - MainLogger - INFO -                                                                                                   
2024-03-07 16:35:40,958 - MainLogger - INFO -  dense (Dense)               (None, 1, 20)                420       ['add[0][0]']                 
2024-03-07 16:35:40,959 - MainLogger - INFO -                                                                                                   
2024-03-07 16:35:40,959 - MainLogger - INFO -  dense_1 (Dense)             (None, 1, 10)                210       ['dense[0][0]']               
2024-03-07 16:35:40,960 - MainLogger - INFO -                                                                                                   
2024-03-07 16:35:40,960 - MainLogger - INFO -  dense_2 (Dense)             (None, 1, 1)                 11        ['dense_1[0][0]']             
2024-03-07 16:35:40,961 - MainLogger - INFO -                                                                                                   
2024-03-07 16:35:40,961 - MainLogger - INFO - ==================================================================================================
2024-03-07 16:35:40,962 - MainLogger - INFO - Total params: 45601 (178.13 KB)
2024-03-07 16:35:40,963 - MainLogger - INFO - Trainable params: 45601 (178.13 KB)
2024-03-07 16:35:40,963 - MainLogger - INFO - Non-trainable params: 0 (0.00 Byte)
2024-03-07 16:35:40,963 - MainLogger - INFO - __________________________________________________________________________________________________
2024-03-07 16:35:40,964 - MainLogger - INFO - 
2024-03-07 16:35:40,964 - MainLogger - INFO - Loaded memory model, testing
2024-03-07 16:35:41,017 - MainLogger - INFO - Testing Completed
2024-03-07 16:35:41,018 - MainLogger - INFO - loaded object MemModel
2024-03-07 16:35:41,019 - MainLogger - INFO - Successfully loaded Memory
2024-03-07 16:35:41,019 - MainLogger - INFO - loaded object Memory
2024-03-07 16:35:41,019 - MainLogger - INFO - Request recieved to save
2024-03-07 16:35:41,020 - MainLogger - WARNING - Object Loader has no method save()
2024-03-07 16:35:41,020 - MainLogger - WARNING - Object Loader has no method save()
2024-03-07 16:35:41,021 - MainLogger - WARNING - Object Reward has no method save()
2024-03-07 16:35:41,022 - MainLogger - WARNING - Object Handler has no method save()
2024-03-07 16:35:41,023 - MainLogger - WARNING - Object MemModel has no method save()
2024-03-07 16:35:41,024 - MainLogger - WARNING - Object Memory has no method save()
