2024-03-22 15:28:36,690 - MainLogger - INFO - Initializing
2024-03-22 15:28:36,691 - MainLogger - WARNING - Initializing Warnings
2024-03-22 15:28:36,691 - MainLogger - INFO - Activated file loader's logger
2024-03-22 15:28:36,692 - MainLogger - INFO - loaded object FileLoader
2024-03-22 15:28:36,692 - MainLogger - INFO - loaded object CLS_Loader
2024-03-22 15:28:37,366 - MainLogger - INFO - Found model, loading
2024-03-22 15:28:37,366 - MainLogger - INFO - 
2024-03-22 15:28:37,366 - MainLogger - INFO - Model: "model"
2024-03-22 15:28:37,366 - MainLogger - INFO - __________________________________________________________________________________________________
2024-03-22 15:28:37,367 - MainLogger - INFO -  Layer (type)                Output Shape                 Param #   Connected to                  
2024-03-22 15:28:37,367 - MainLogger - INFO - ==================================================================================================
2024-03-22 15:28:37,367 - MainLogger - INFO -  input_1 (InputLayer)        [(None, None, 20)]           0         []                            
2024-03-22 15:28:37,367 - MainLogger - INFO -                                                                                                   
2024-03-22 15:28:37,368 - MainLogger - INFO -  input_2 (InputLayer)        [(None, None, 500)]          0         []                            
2024-03-22 15:28:37,368 - MainLogger - INFO -                                                                                                   
2024-03-22 15:28:37,368 - MainLogger - INFO -  masking (Masking)           (None, None, 20)             0         ['input_1[0][0]']             
2024-03-22 15:28:37,368 - MainLogger - INFO -                                                                                                   
2024-03-22 15:28:37,369 - MainLogger - INFO -  masking_1 (Masking)         (None, None, 500)            0         ['input_2[0][0]']             
2024-03-22 15:28:37,369 - MainLogger - INFO -                                                                                                   
2024-03-22 15:28:37,369 - MainLogger - INFO -  reshape (Reshape)           (None, 1, 20)                0         ['masking[0][0]']             
2024-03-22 15:28:37,369 - MainLogger - INFO -                                                                                                   
2024-03-22 15:28:37,370 - MainLogger - INFO -  reshape_1 (Reshape)         (None, 1, 500)               0         ['masking_1[0][0]']           
2024-03-22 15:28:37,370 - MainLogger - INFO -                                                                                                   
2024-03-22 15:28:37,370 - MainLogger - INFO -  lstm (LSTM)                 (None, 1, 20)                3280      ['reshape[0][0]']             
2024-03-22 15:28:37,370 - MainLogger - INFO -                                                                                                   
2024-03-22 15:28:37,371 - MainLogger - INFO -  lstm_1 (LSTM)               (None, 1, 20)                41680     ['reshape_1[0][0]']           
2024-03-22 15:28:37,371 - MainLogger - INFO -                                                                                                   
2024-03-22 15:28:37,371 - MainLogger - INFO -  add (Add)                   (None, 1, 20)                0         ['lstm[0][0]',                
2024-03-22 15:28:37,372 - MainLogger - INFO -                                                                      'lstm_1[0][0]']              
2024-03-22 15:28:37,372 - MainLogger - INFO -                                                                                                   
2024-03-22 15:28:37,372 - MainLogger - INFO -  dense (Dense)               (None, 1, 20)                420       ['add[0][0]']                 
2024-03-22 15:28:37,372 - MainLogger - INFO -                                                                                                   
2024-03-22 15:28:37,373 - MainLogger - INFO -  dense_1 (Dense)             (None, 1, 10)                210       ['dense[0][0]']               
2024-03-22 15:28:37,373 - MainLogger - INFO -                                                                                                   
2024-03-22 15:28:37,373 - MainLogger - INFO -  dense_2 (Dense)             (None, 1, 1)                 11        ['dense_1[0][0]']             
2024-03-22 15:28:37,373 - MainLogger - INFO -                                                                                                   
2024-03-22 15:28:37,374 - MainLogger - INFO - ==================================================================================================
2024-03-22 15:28:37,375 - MainLogger - INFO - Total params: 45601 (178.13 KB)
2024-03-22 15:28:37,375 - MainLogger - INFO - Trainable params: 45601 (178.13 KB)
2024-03-22 15:28:37,375 - MainLogger - INFO - Non-trainable params: 0 (0.00 Byte)
2024-03-22 15:28:37,375 - MainLogger - INFO - __________________________________________________________________________________________________
2024-03-22 15:28:37,376 - MainLogger - INFO - 
2024-03-22 15:28:37,376 - MainLogger - INFO - loaded object MemModel
2024-03-22 15:28:37,376 - MainLogger - INFO - Loading file: Memory/Data/Data/object_dict.pickle
2024-03-22 15:28:37,376 - MainLogger - INFO - Loaded Object Handler Successfully
2024-03-22 15:28:37,377 - MainLogger - INFO - loaded object Handler
2024-03-22 15:28:37,377 - MainLogger - INFO - Successfully loaded Memory
2024-03-22 15:28:37,377 - MainLogger - INFO - loaded object Memory
